current directory: /api/bundle/gems/msgpack-1.2.7/ext/msgpack
/usr/local/bin/ruby -I /usr/local/lib/ruby/site_ruby/2.5.0 -r ./siteconf20190425-22-6d7pqi.rb extconf.rb
checking for ruby/st.h... yes
checking for st.h... yes
checking for rb_str_replace() in ruby.h... yes
checking for rb_intern_str() in ruby.h... yes
checking for rb_sym2str() in ruby.h... yes
checking for rb_str_intern() in ruby.h... yes
checking for rb_block_lambda() in ruby.h... yes
checking for rb_hash_dup() in ruby.h... yes
checking for rb_hash_clear() in ruby.h... yes
creating Makefile

current directory: /api/bundle/gems/msgpack-1.2.7/ext/msgpack
make "DESTDIR=" clean

current directory: /api/bundle/gems/msgpack-1.2.7/ext/msgpack
make "DESTDIR="
compiling buffer.c
compiling buffer_class.c
compiling extension_value_class.c
compiling factory_class.c
compiling packer.c
compiling packer_class.c
compiling packer_ext_registry.c
compiling rbinit.c
compiling rmem.c
compiling unpacker.c
compiling unpacker_class.c
unpacker_class.c:219:14: warning: 'Unpacker_peek_next_type' defined but not used [-Wunused-function]
 static VALUE Unpacker_peek_next_type(VALUE self)
              ^~~~~~~~~~~~~~~~~~~~~~~
cc1: warning: unrecognized command line option '-Wno-self-assign'
cc1: warning: unrecognized command line option '-Wno-constant-logical-operand'
cc1: warning: unrecognized command line option '-Wno-parentheses-equality'
compiling unpacker_ext_registry.c
linking shared-object msgpack/msgpack.so

current directory: /api/bundle/gems/msgpack-1.2.7/ext/msgpack
make "DESTDIR=" install
/usr/bin/install -c -m 0755 msgpack.so ./.gem.20190425-22-wcjoq5/msgpack
