current directory: /api/bundle/gems/bootsnap-1.4.1/ext/bootsnap
/usr/local/bin/ruby -I /usr/local/lib/ruby/site_ruby/2.5.0 -r ./siteconf20190427-8-ngzyy0.rb extconf.rb
creating Makefile

current directory: /api/bundle/gems/bootsnap-1.4.1/ext/bootsnap
make "DESTDIR=" clean

current directory: /api/bundle/gems/bootsnap-1.4.1/ext/bootsnap
make "DESTDIR="
compiling bootsnap.c
bootsnap.c: In function 'get_ruby_platform':
bootsnap.c:214:3: warning: ISO C90 forbids mixed declarations and code [-Wdeclaration-after-statement]
   struct utsname utsname;
   ^~~~~~
bootsnap.c: In function 'bs_cache_path':
bootsnap.c:240:39: warning: format '%llx' expects argument of type 'long long unsigned int', but argument 5 has type 'uint64_t {aka long unsigned int}' [-Wformat=]
   sprintf(*cache_path, "%s/%02x/%014llx", cachedir, first_byte, remainder);
                                       ^
bootsnap.c: In function 'bs_rb_fetch':
bootsnap.c:281:3: warning: ISO C90 forbids mixed declarations and code [-Wdeclaration-after-statement]
   char * cachedir = RSTRING_PTR(cachedir_v);
   ^~~~
bootsnap.c: At top level:
cc1: warning: unrecognized command line option '-Wno-self-assign'
cc1: warning: unrecognized command line option '-Wno-constant-logical-operand'
cc1: warning: unrecognized command line option '-Wno-parentheses-equality'
linking shared-object bootsnap/bootsnap.so
bootsnap.o: In function `atomic_write_cache_file':
/api/bundle/gems/bootsnap-1.4.1/ext/bootsnap/bootsnap.c:479: warning: the use of `mktemp' is dangerous, better use `mkstemp' or `mkdtemp'

current directory: /api/bundle/gems/bootsnap-1.4.1/ext/bootsnap
make "DESTDIR=" install
/usr/bin/install -c -m 0755 bootsnap.so ./.gem.20190427-8-1ciqj34/bootsnap
